# JRE version: OpenJDK Runtime Environment Temurin-17.0.14+7 (17.0.14+7) (build 17.0.14+7)
# Java VM: OpenJDK 64-Bit Server VM Temurin-17.0.14+7 (17.0.14+7, mixed mode, tiered, compressed oops, compressed class ptrs, g1 gc, windows-amd64)
GC Precious Log:
 CPUs: 4 total, 4 available
 Memory: 3969M
 Large Page Support: Disabled
 NUMA Support: Disabled
 Compressed Oops: Enabled (32-bit)
 Heap Region Size: 1M
 Heap Min Capacity: 8M
 Heap Initial Capacity: 64M
 Heap Max Capacity: 2G
 Pre-touch: Disabled
 Parallel Workers: 4
 Concurrent Workers: 1
 Concurrent Refinement Workers: 4
 Periodic GC: Disabled
Heap:
 garbage-first heap   total 131072K, used 27789K [0x0000000080000000, 0x0000000100000000)
  region size 1024K, 9 young (9216K), 3 survivors (3072K)
 Metaspace       used 26676K, committed 27008K, reserved 1114112K
  class space    used 2795K, committed 2944K, reserved 1048576K
GC Heap History (20 events):
Event: 3.338 GC heap before
{Heap before GC invocations=0 (full 0):
 garbage-first heap   total 65536K, used 14336K [0x0000000080000000, 0x0000000100000000)
  region size 1024K, 13 young (13312K), 0 survivors (0K)
 Metaspace       used 4869K, committed 4992K, reserved 1114112K
  class space    used 387K, committed 448K, reserved 1048576K
}
Event: 3.366 GC heap after
{Heap after GC invocations=1 (full 0):
 garbage-first heap   total 65536K, used 11624K [0x0000000080000000, 0x0000000100000000)
  region size 1024K, 2 young (2048K), 2 survivors (2048K)
 Metaspace       used 4869K, committed 4992K, reserved 1114112K
  class space    used 387K, committed 448K, reserved 1048576K
}
Event: 5.640 GC heap before
{Heap before GC invocations=1 (full 0):
 garbage-first heap   total 65536K, used 18792K [0x0000000080000000, 0x0000000100000000)
  region size 1024K, 10 young (10240K), 2 survivors (2048K)
 Metaspace       used 6852K, committed 7040K, reserved 1114112K
  class space    used 522K, committed 640K, reserved 1048576K
}
Event: 5.648 GC heap after
{Heap after GC invocations=2 (full 0):
 garbage-first heap   total 65536K, used 14174K [0x0000000080000000, 0x0000000100000000)
  region size 1024K, 2 young (2048K), 2 survivors (2048K)
 Metaspace       used 6852K, committed 7040K, reserved 1114112K
  class space    used 522K, committed 640K, reserved 1048576K
}
Event: 9.043 GC heap before
{Heap before GC invocations=2 (full 0):
 garbage-first heap   total 65536K, used 28510K [0x0000000080000000, 0x0000000100000000)
  region size 1024K, 16 young (16384K), 2 survivors (2048K)
 Metaspace       used 10735K, committed 10880K, reserved 1114112K
  class space    used 896K, committed 960K, reserved 1048576K
}
Event: 9.052 GC heap after
{Heap after GC invocations=3 (full 0):
 garbage-first heap   total 65536K, used 15653K [0x0000000080000000, 0x0000000100000000)
  region size 1024K, 2 young (2048K), 2 survivors (2048K)
 Metaspace       used 10735K, committed 10880K, reserved 1114112K
  class space    used 896K, committed 960K, reserved 1048576K
}
Event: 10.716 GC heap before
{Heap before GC invocations=3 (full 0):
 garbage-first heap   total 65536K, used 34085K [0x0000000080000000, 0x0000000100000000)
  region size 1024K, 21 young (21504K), 2 survivors (2048K)
 Metaspace       used 16444K, committed 16640K, reserved 1114112K
  class space    used 1541K, committed 1664K, reserved 1048576K
}
Event: 10.727 GC heap after
{Heap after GC invocations=4 (full 0):
 garbage-first heap   total 65536K, used 19211K [0x0000000080000000, 0x0000000100000000)
  region size 1024K, 3 young (3072K), 3 survivors (3072K)
 Metaspace       used 16444K, committed 16640K, reserved 1114112K
  class space    used 1541K, committed 1664K, reserved 1048576K
}
Event: 11.232 GC heap before
{Heap before GC invocations=4 (full 0):
 garbage-first heap   total 65536K, used 39691K [0x0000000080000000, 0x0000000100000000)
  region size 1024K, 23 young (23552K), 3 survivors (3072K)
 Metaspace       used 17424K, committed 17600K, reserved 1114112K
  class space    used 1625K, committed 1728K, reserved 1048576K
}
Event: 11.244 GC heap after
{Heap after GC invocations=5 (full 0):
 garbage-first heap   total 65536K, used 19887K [0x0000000080000000, 0x0000000100000000)
  region size 1024K, 2 young (2048K), 2 survivors (2048K)
 Metaspace       used 17424K, committed 17600K, reserved 1114112K
  class space    used 1625K, committed 1728K, reserved 1048576K
}
Event: 12.394 GC heap before
{Heap before GC invocations=5 (full 0):
 garbage-first heap   total 65536K, used 39343K [0x0000000080000000, 0x0000000100000000)
  region size 1024K, 22 young (22528K), 2 survivors (2048K)
 Metaspace       used 21313K, committed 21504K, reserved 1114112K
  class space    used 2187K, committed 2240K, reserved 1048576K
}
Event: 12.403 GC heap after
{Heap after GC invocations=6 (full 0):
 garbage-first heap   total 65536K, used 21186K [0x0000000080000000, 0x0000000100000000)
  region size 1024K, 3 young (3072K), 3 survivors (3072K)
 Metaspace       used 21313K, committed 21504K, reserved 1114112K
  class space    used 2187K, committed 2240K, reserved 1048576K
}
Event: 13.157 GC heap before
{Heap before GC invocations=7 (full 0):
 garbage-first heap   total 65536K, used 43714K [0x0000000080000000, 0x0000000100000000)
  region size 1024K, 25 young (25600K), 3 survivors (3072K)
 Metaspace       used 22195K, committed 22400K, reserved 1114112K
  class space    used 2315K, committed 2432K, reserved 1048576K
}
Event: 13.169 GC heap after
{Heap after GC invocations=8 (full 0):
 garbage-first heap   total 65536K, used 22037K [0x0000000080000000, 0x0000000100000000)
  region size 1024K, 3 young (3072K), 3 survivors (3072K)
 Metaspace       used 22195K, committed 22400K, reserved 1114112K
  class space    used 2315K, committed 2432K, reserved 1048576K
}
Event: 13.181 GC heap before
{Heap before GC invocations=8 (full 0):
 garbage-first heap   total 65536K, used 23061K [0x0000000080000000, 0x0000000100000000)
  region size 1024K, 4 young (4096K), 3 survivors (3072K)
 Metaspace       used 22208K, committed 22400K, reserved 1114112K
  class space    used 2315K, committed 2432K, reserved 1048576K
}
Event: 13.188 GC heap after
{Heap after GC invocations=9 (full 0):
 garbage-first heap   total 65536K, used 22058K [0x0000000080000000, 0x0000000100000000)
  region size 1024K, 1 young (1024K), 1 survivors (1024K)
 Metaspace       used 22208K, committed 22400K, reserved 1114112K
  class space    used 2315K, committed 2432K, reserved 1048576K
}
Event: 13.301 GC heap before
{Heap before GC invocations=9 (full 0):
 garbage-first heap   total 65536K, used 45610K [0x0000000080000000, 0x0000000100000000)
  region size 1024K, 24 young (24576K), 1 survivors (1024K)
 Metaspace       used 22247K, committed 22528K, reserved 1114112K
  class space    used 2319K, committed 2432K, reserved 1048576K
}
Event: 13.303 GC heap after
{Heap after GC invocations=10 (full 0):
 garbage-first heap   total 65536K, used 21736K [0x0000000080000000, 0x0000000100000000)
  region size 1024K, 1 young (1024K), 1 survivors (1024K)
 Metaspace       used 22247K, committed 22528K, reserved 1114112K
  class space    used 2319K, committed 2432K, reserved 1048576K
}
Event: 14.479 GC heap before
{Heap before GC invocations=10 (full 0):
 garbage-first heap   total 65536K, used 47336K [0x0000000080000000, 0x0000000100000000)
  region size 1024K, 26 young (26624K), 1 survivors (1024K)
 Metaspace       used 24938K, committed 25216K, reserved 1114112K
  class space    used 2613K, committed 2752K, reserved 1048576K
}
Event: 14.488 GC heap after
{Heap after GC invocations=11 (full 0):
 garbage-first heap   total 131072K, used 23693K [0x0000000080000000, 0x0000000100000000)
  region size 1024K, 3 young (3072K), 3 survivors (3072K)
 Metaspace       used 24938K, committed 25216K, reserved 1114112K
  class space    used 2613K, committed 2752K, reserved 1048576K
}

